빌드 시작: 2015-12-26 오후 11:08:00
     1>2 노드의 "G:\Study\cocos_projects\FlyBird\cocos2d\cocos\2d\libcocos2d.vcxproj" 프로젝트(Build 대상)입니다.
     1>PreLinkEvent:
         if not exist "G:\Study\cocos_projects\FlyBird\proj.win32\Debug.win32\" mkdir "G:\Study\cocos_projects\FlyBird\proj.win32\Debug.win32\"
         xcopy /Y /Q "G:\Study\cocos_projects\FlyBird\cocos2d\cocos\2d\..\..\external\freetype2\prebuilt\win32\*.*" "G:\Study\cocos_projects\FlyBird\proj.win32\Debug.win32\"
         xcopy /Y /Q "G:\Study\cocos_projects\FlyBird\cocos2d\cocos\2d\..\..\external\glfw3\prebuilt\win32\*.*" "G:\Study\cocos_projects\FlyBird\proj.win32\Debug.win32\"
         xcopy /Y /Q "G:\Study\cocos_projects\FlyBird\cocos2d\cocos\2d\..\..\external\curl\prebuilt\win32\*.*" "G:\Study\cocos_projects\FlyBird\proj.win32\Debug.win32\"
         xcopy /Y /Q "G:\Study\cocos_projects\FlyBird\cocos2d\cocos\2d\..\..\external\jpeg\prebuilt\win32\*.*" "G:\Study\cocos_projects\FlyBird\proj.win32\Debug.win32\"
         xcopy /Y /Q "G:\Study\cocos_projects\FlyBird\cocos2d\cocos\2d\..\..\external\png\prebuilt\win32\*.*" "G:\Study\cocos_projects\FlyBird\proj.win32\Debug.win32\"
         xcopy /Y /Q "G:\Study\cocos_projects\FlyBird\cocos2d\cocos\2d\..\..\external\tiff\prebuilt\win32\*.*" "G:\Study\cocos_projects\FlyBird\proj.win32\Debug.win32\"
         xcopy /Y /Q "G:\Study\cocos_projects\FlyBird\cocos2d\cocos\2d\..\..\external\webp\prebuilt\win32\*.*" "G:\Study\cocos_projects\FlyBird\proj.win32\Debug.win32\"
         xcopy /Y /Q "G:\Study\cocos_projects\FlyBird\cocos2d\cocos\2d\..\..\external\websockets\prebuilt\win32\*.*" "G:\Study\cocos_projects\FlyBird\proj.win32\Debug.win32\"
         xcopy /Y /Q "G:\Study\cocos_projects\FlyBird\cocos2d\cocos\2d\..\..\external\win32-specific\zlib\prebuilt\*.*" "G:\Study\cocos_projects\FlyBird\proj.win32\Debug.win32\"
         xcopy /Y /Q "G:\Study\cocos_projects\FlyBird\cocos2d\cocos\2d\..\..\external\win32-specific\icon\prebuilt\*.*" "G:\Study\cocos_projects\FlyBird\proj.win32\Debug.win32\"
         xcopy /Y /Q "G:\Study\cocos_projects\FlyBird\cocos2d\cocos\2d\..\..\external\win32-specific\gles\prebuilt\*.*" "G:\Study\cocos_projects\FlyBird\proj.win32\Debug.win32\"
         xcopy /Y /Q "G:\Study\cocos_projects\FlyBird\cocos2d\cocos\2d\..\..\external\win32-specific\OpenalSoft\prebuilt\*.*" "G:\Study\cocos_projects\FlyBird\proj.win32\Debug.win32\"
         xcopy /Y /Q "G:\Study\cocos_projects\FlyBird\cocos2d\cocos\2d\..\..\external\win32-specific\MP3Decoder\prebuilt\*.*" "G:\Study\cocos_projects\FlyBird\proj.win32\Debug.win32\"
         xcopy /Y /Q "G:\Study\cocos_projects\FlyBird\cocos2d\cocos\2d\..\..\external\win32-specific\OggDecoder\prebuilt\*.*" "G:\Study\cocos_projects\FlyBird\proj.win32\Debug.win32\"
         xcopy /Y /Q "G:\Study\cocos_projects\FlyBird\cocos2d\cocos\2d\..\..\external\sqlite3\libraries\win32\*.*" "G:\Study\cocos_projects\FlyBird\proj.win32\Debug.win32\"
         xcopy /Y /Q "G:\Study\cocos_projects\FlyBird\cocos2d\cocos\2d\..\..\external\chipmunk\prebuilt\win32\debug-lib\*.*" "G:\Study\cocos_projects\FlyBird\proj.win32\Debug.win32\"
         :VCEnd
         1개 파일이 복사되었습니다.
         2개 파일이 복사되었습니다.
         4개 파일이 복사되었습니다.
         2개 파일이 복사되었습니다.
         2개 파일이 복사되었습니다.
         3개 파일이 복사되었습니다.
         1개 파일이 복사되었습니다.
         2개 파일이 복사되었습니다.
         2개 파일이 복사되었습니다.
         2개 파일이 복사되었습니다.
         2개 파일이 복사되었습니다.
         2개 파일이 복사되었습니다.
         2개 파일이 복사되었습니다.
         6개 파일이 복사되었습니다.
         2개 파일이 복사되었습니다.
         2개 파일이 복사되었습니다.
       Link:
         libcocos2d.vcxproj -> G:\Study\cocos_projects\FlyBird\proj.win32\Debug.win32\libcocos2d.dll
     1>"G:\Study\cocos_projects\FlyBird\cocos2d\cocos\2d\libcocos2d.vcxproj" 프로젝트를 빌드했습니다(Build 대상).

빌드했습니다.

경과 시간: 00:00:04.67
